Detecting compiler hash for triplet x64-windows...
The following packages will be built and installed:
  * egl-registry:x64-windows -> 2022-09-20
    glad[core,loader]:x64-windows -> 0.1.36
    glfw3:x64-windows -> 3.3.8#2
    imgui[core,docking-experimental,glfw-binding,opengl3-binding]:x64-windows -> 1.89.7
  * opengl-registry:x64-windows -> 2022-09-29#1
  * vcpkg-cmake:x64-windows -> 2023-05-04
  * vcpkg-cmake-config:x64-windows -> 2022-02-06#1
Additional packages (*) will be modified to complete this operation.
Restored 7 package(s) from C:\Users\Miles Contopoulos\AppData\Local\vcpkg\archives in 273 ms. Use --debug to see more details.
Installing 1/7 vcpkg-cmake-config:x64-windows...
Elapsed time to handle vcpkg-cmake-config:x64-windows: 15.9 ms
Installing 2/7 vcpkg-cmake:x64-windows...
Elapsed time to handle vcpkg-cmake:x64-windows: 17.9 ms
Installing 3/7 egl-registry:x64-windows...
Elapsed time to handle egl-registry:x64-windows: 21.5 ms
Installing 4/7 opengl-registry:x64-windows...
Elapsed time to handle opengl-registry:x64-windows: 74.9 ms
Installing 5/7 glad:x64-windows...
Elapsed time to handle glad:x64-windows: 83.1 ms
Installing 6/7 glfw3:x64-windows...
Elapsed time to handle glfw3:x64-windows: 53.6 ms
Installing 7/7 imgui:x64-windows...
Elapsed time to handle imgui:x64-windows: 98.1 ms
Total install time: 365 ms
glad provides CMake targets:

    # this is heuristically generated, and may not be correct
    find_package(glad CONFIG REQUIRED)
    target_link_libraries(main PRIVATE glad::glad)

glfw3 provides CMake targets:

    # this is heuristically generated, and may not be correct
    find_package(glfw3 CONFIG REQUIRED)
    target_link_libraries(main PRIVATE glfw)

imgui provides CMake targets:

    # this is heuristically generated, and may not be correct
    find_package(imgui CONFIG REQUIRED)
    target_link_libraries(main PRIVATE imgui::imgui)

